{
  "RSpec": {
    "coverage": {
      "/Users/shawncarpenter/turing/1module/projects/futbol_redux/lib/stat_tracker.rb": {
        "lines": [
          1,
          1,
          null,
          1,
          27,
          27,
          27,
          27,
          27,
          27,
          27,
          null,
          null,
          null,
          null,
          1,
          1,
          null,
          null,
          1,
          2,
          null,
          null,
          1,
          3,
          null,
          null,
          1,
          3,
          null,
          null,
          1,
          3,
          null,
          null,
          1,
          1240,
          null,
          null,
          1,
          1,
          null,
          null,
          1,
          2,
          2,
          8,
          null,
          null,
          2,
          null,
          null,
          null,
          null,
          1,
          2,
          null,
          null,
          1,
          16,
          null,
          null,
          1,
          16,
          null,
          null,
          1,
          94,
          14,
          null,
          null,
          1,
          94,
          16,
          null,
          null,
          1,
          94,
          14,
          null,
          null,
          1,
          94,
          16,
          null,
          null,
          null,
          null,
          1,
          396,
          396,
          3252,
          396,
          2856,
          408,
          2448,
          858,
          null,
          null,
          null,
          396,
          null,
          null,
          1,
          18988,
          null,
          null,
          1,
          396,
          3648,
          396,
          396,
          null,
          396,
          804,
          null,
          null,
          396,
          null,
          null,
          1,
          105,
          null,
          null,
          1,
          103,
          null,
          null,
          1,
          4,
          4,
          64,
          10,
          10,
          10,
          null,
          54,
          54,
          null,
          null,
          null,
          4,
          null,
          null,
          1,
          4,
          null,
          14,
          null,
          4,
          null,
          null,
          1,
          2,
          2,
          null,
          64,
          null,
          null,
          1,
          2,
          2,
          null,
          45,
          null,
          null,
          1,
          4,
          4,
          64,
          10,
          null,
          54,
          null,
          null,
          null,
          4,
          null,
          null,
          1,
          2,
          2,
          null,
          37,
          null,
          null,
          1,
          2,
          2,
          null,
          72,
          null,
          null,
          null,
          null,
          1,
          12,
          12,
          12,
          null,
          12,
          880,
          null,
          12,
          null,
          null,
          1,
          380,
          null,
          null,
          1,
          12,
          null,
          12,
          368,
          80,
          null,
          288,
          null,
          null,
          null,
          12,
          null,
          null,
          1,
          2,
          null,
          2,
          246,
          8,
          null,
          238,
          null,
          null,
          null,
          2,
          null,
          null,
          null,
          null,
          1,
          27,
          3321,
          null,
          null,
          null,
          null,
          null,
          null,
          3321,
          null,
          27,
          null,
          null,
          1,
          27,
          864,
          864,
          null,
          27,
          null,
          null,
          1,
          27,
          1242,
          null,
          null,
          null,
          null,
          null,
          null,
          null,
          null,
          1242,
          null,
          27,
          null,
          null,
          1,
          27,
          27,
          81,
          81,
          null,
          27,
          null,
          null,
          null,
          null,
          1,
          630,
          9,
          9,
          9,
          null,
          null,
          1,
          620,
          null,
          null
        ]
      },
      "/Users/shawncarpenter/turing/1module/projects/futbol_redux/lib/game.rb": {
        "lines": [
          1,
          1,
          null,
          1,
          3321,
          3321,
          3321,
          3321,
          3321,
          3321,
          3321,
          3321,
          3321,
          3321,
          null,
          null
        ]
      },
      "/Users/shawncarpenter/turing/1module/projects/futbol_redux/lib/team.rb": {
        "lines": [
          1,
          1,
          null,
          1,
          864,
          864,
          864,
          864,
          864,
          864,
          null,
          null
        ]
      },
      "/Users/shawncarpenter/turing/1module/projects/futbol_redux/lib/game_team.rb": {
        "lines": [
          1,
          1,
          null,
          1,
          1242,
          1242,
          1242,
          1242,
          1242,
          1242,
          1242,
          1242,
          1242,
          1242,
          1242,
          1242,
          1242,
          1242,
          1242,
          null,
          null
        ]
      }
    },
    "timestamp": 1772046675
  }
}
